<?xml version="1.0" encoding="UTF-8"?>
<testng-results ignored="0" total="1" passed="1" failed="0" skipped="0">
  <reporter-output>
  </reporter-output>
  <suite started-at="2023-02-15T20:23:49 PST" name="Default suite" finished-at="2023-02-15T20:23:56 PST" duration-ms="7558">
    <groups>
    </groups>
    <test started-at="2023-02-15T20:23:49 PST" name="Default test" finished-at="2023-02-15T20:23:56 PST" duration-ms="7558">
      <class name="simpleSeleniumPackage.OpenGoogle">
        <test-method is-config="true" signature="beforeTest()[pri:0, instance:simpleSeleniumPackage.OpenGoogle@316bcf94]" started-at="2023-02-15T20:23:49 PST" name="beforeTest" finished-at="2023-02-15T20:23:55 PST" duration-ms="6203" status="PASS">
          <reporter-output>
          </reporter-output>
        </test-method> <!-- beforeTest -->
        <test-method signature="testCase()[pri:0, instance:simpleSeleniumPackage.OpenGoogle@316bcf94]" started-at="2023-02-15T20:23:55 PST" name="testCase" finished-at="2023-02-15T20:23:56 PST" duration-ms="1163" status="PASS">
          <reporter-output>
          </reporter-output>
        </test-method> <!-- testCase -->
        <test-method is-config="true" signature="afterTest()[pri:0, instance:simpleSeleniumPackage.OpenGoogle@316bcf94]" started-at="2023-02-15T20:23:56 PST" name="afterTest" finished-at="2023-02-15T20:23:56 PST" duration-ms="155" status="PASS">
          <reporter-output>
          </reporter-output>
        </test-method> <!-- afterTest -->
      </class> <!-- simpleSeleniumPackage.OpenGoogle -->
    </test> <!-- Default test -->
  </suite> <!-- Default suite -->
</testng-results>
